0 info it worked if it ends with ok
1 verbose cli [ '/home/david/.node/bin/node',
1 verbose cli   '/home/david/.node/bin/npm',
1 verbose cli   'run',
1 verbose cli   'test:watch' ]
2 info using npm@3.10.8
3 info using node@v6.8.1
4 verbose run-script [ 'pretest:watch', 'test:watch', 'posttest:watch' ]
5 info lifecycle techfolio@1.0.0~pretest:watch: techfolio@1.0.0
6 silly lifecycle techfolio@1.0.0~pretest:watch: no script for pretest:watch, continuing
7 info lifecycle techfolio@1.0.0~test:watch: techfolio@1.0.0
8 verbose lifecycle techfolio@1.0.0~test:watch: unsafe-perm in lifecycle true
9 verbose lifecycle techfolio@1.0.0~test:watch: PATH: /home/david/.node/lib/node_modules/npm/bin/node-gyp-bin:/home/david/Documents/Projects/401/techfolio/app/node_modules/.bin:/home/david/mongodb/bin:/home/david/.node/bin:/home/david/bin:/home/david/.local/bin:/usr/local/sbin:/usr/local/bin:/usr/sbin:/usr/bin:/sbin:/bin:/usr/games:/usr/local/games:/snap/bin:/home/david/jdk1.8.0_111/bin
10 verbose lifecycle techfolio@1.0.0~test:watch: CWD: /home/david/Documents/Projects/401/techfolio/app
11 silly lifecycle techfolio@1.0.0~test:watch: Args: [ '-c', 'karma start' ]
12 silly lifecycle techfolio@1.0.0~test:watch: Returned: code: 1  signal: null
13 info lifecycle techfolio@1.0.0~test:watch: Failed to exec test:watch script
14 verbose stack Error: techfolio@1.0.0 test:watch: `karma start`
14 verbose stack Exit status 1
14 verbose stack     at EventEmitter.<anonymous> (/home/david/.node/lib/node_modules/npm/lib/utils/lifecycle.js:255:16)
14 verbose stack     at emitTwo (events.js:106:13)
14 verbose stack     at EventEmitter.emit (events.js:191:7)
14 verbose stack     at ChildProcess.<anonymous> (/home/david/.node/lib/node_modules/npm/lib/utils/spawn.js:40:14)
14 verbose stack     at emitTwo (events.js:106:13)
14 verbose stack     at ChildProcess.emit (events.js:191:7)
14 verbose stack     at maybeClose (internal/child_process.js:877:16)
14 verbose stack     at Process.ChildProcess._handle.onexit (internal/child_process.js:226:5)
15 verbose pkgid techfolio@1.0.0
16 verbose cwd /home/david/Documents/Projects/401/techfolio/app
17 error Linux 4.4.0-57-generic
18 error argv "/home/david/.node/bin/node" "/home/david/.node/bin/npm" "run" "test:watch"
19 error node v6.8.1
20 error npm  v3.10.8
21 error code ELIFECYCLE
22 error techfolio@1.0.0 test:watch: `karma start`
22 error Exit status 1
23 error Failed at the techfolio@1.0.0 test:watch script 'karma start'.
23 error Make sure you have the latest version of node.js and npm installed.
23 error If you do, this is most likely a problem with the techfolio package,
23 error not with npm itself.
23 error Tell the author that this fails on your system:
23 error     karma start
23 error You can get information on how to open an issue for this project with:
23 error     npm bugs techfolio
23 error Or if that isn't available, you can get their info via:
23 error     npm owner ls techfolio
23 error There is likely additional logging output above.
24 verbose exit [ 1, true ]
